ERROR - 2023-08-03 13:59:26 --> Error connecting to the database: mysqli_sql_exception: Access denied for user ''@'localhost' (using password: YES) in D:\codeigniter\sistem-informasi\sistem-informasi-buku\system\Database\MySQLi\Connection.php:173
Stack trace:
#0 D:\codeigniter\sistem-informasi\sistem-informasi-buku\system\Database\MySQLi\Connection.php(173): mysqli->real_connect('localhost', '', Object(SensitiveParameterValue), '', 3306, '', 0)
#1 D:\codeigniter\sistem-informasi\sistem-informasi-buku\system\Database\BaseConnection.php(391): CodeIgniter\Database\MySQLi\Connection->connect(false)
#2 D:\codeigniter\sistem-informasi\sistem-informasi-buku\system\Database\BaseConnection.php(574): CodeIgniter\Database\BaseConnection->initialize()
#3 D:\codeigniter\sistem-informasi\sistem-informasi-buku\system\Database\BaseConnection.php(1409): CodeIgniter\Database\BaseConnection->query('SHOW TABLES FRO...')
#4 D:\codeigniter\sistem-informasi\sistem-informasi-buku\system\Database\BaseConnection.php(1428): CodeIgniter\Database\BaseConnection->listTables()
#5 D:\codeigniter\sistem-informasi\sistem-informasi-buku\system\Database\MigrationRunner.php(768): CodeIgniter\Database\BaseConnection->tableExists('migrations')
#6 D:\codeigniter\sistem-informasi\sistem-informasi-buku\system\Database\MigrationRunner.php(168): CodeIgniter\Database\MigrationRunner->ensureTable()
#7 D:\codeigniter\sistem-informasi\sistem-informasi-buku\system\Commands\Database\Migrate.php(84): CodeIgniter\Database\MigrationRunner->latest(NULL)
#8 D:\codeigniter\sistem-informasi\sistem-informasi-buku\system\CLI\Commands.php(65): CodeIgniter\Commands\Database\Migrate->run(Array)
#9 D:\codeigniter\sistem-informasi\sistem-informasi-buku\system\CLI\Console.php(37): CodeIgniter\CLI\Commands->run('migrate', Array)
#10 D:\codeigniter\sistem-informasi\sistem-informasi-buku\spark(97): CodeIgniter\CLI\Console->run()
#11 {main}

Next CodeIgniter\Database\Exceptions\DatabaseException: Access denied for user ''@'localhost' (using password: YES) in D:\codeigniter\sistem-informasi\sistem-informasi-buku\system\Database\MySQLi\Connection.php:218
Stack trace:
#0 D:\codeigniter\sistem-informasi\sistem-informasi-buku\system\Database\BaseConnection.php(391): CodeIgniter\Database\MySQLi\Connection->connect(false)
#1 D:\codeigniter\sistem-informasi\sistem-informasi-buku\system\Database\BaseConnection.php(574): CodeIgniter\Database\BaseConnection->initialize()
#2 D:\codeigniter\sistem-informasi\sistem-informasi-buku\system\Database\BaseConnection.php(1409): CodeIgniter\Database\BaseConnection->query('SHOW TABLES FRO...')
#3 D:\codeigniter\sistem-informasi\sistem-informasi-buku\system\Database\BaseConnection.php(1428): CodeIgniter\Database\BaseConnection->listTables()
#4 D:\codeigniter\sistem-informasi\sistem-informasi-buku\system\Database\MigrationRunner.php(768): CodeIgniter\Database\BaseConnection->tableExists('migrations')
#5 D:\codeigniter\sistem-informasi\sistem-informasi-buku\system\Database\MigrationRunner.php(168): CodeIgniter\Database\MigrationRunner->ensureTable()
#6 D:\codeigniter\sistem-informasi\sistem-informasi-buku\system\Commands\Database\Migrate.php(84): CodeIgniter\Database\MigrationRunner->latest(NULL)
#7 D:\codeigniter\sistem-informasi\sistem-informasi-buku\system\CLI\Commands.php(65): CodeIgniter\Commands\Database\Migrate->run(Array)
#8 D:\codeigniter\sistem-informasi\sistem-informasi-buku\system\CLI\Console.php(37): CodeIgniter\CLI\Commands->run('migrate', Array)
#9 D:\codeigniter\sistem-informasi\sistem-informasi-buku\spark(97): CodeIgniter\CLI\Console->run()
#10 {main}
ERROR - 2023-08-03 14:01:29 --> Error connecting to the database: mysqli_sql_exception: Access denied for user 'root'@'localhost' (using password: YES) in D:\codeigniter\sistem-informasi\sistem-informasi-buku\system\Database\MySQLi\Connection.php:173
Stack trace:
#0 D:\codeigniter\sistem-informasi\sistem-informasi-buku\system\Database\MySQLi\Connection.php(173): mysqli->real_connect('localhost', 'root', Object(SensitiveParameterValue), '', 3306, '', 0)
#1 D:\codeigniter\sistem-informasi\sistem-informasi-buku\system\Database\BaseConnection.php(391): CodeIgniter\Database\MySQLi\Connection->connect(false)
#2 D:\codeigniter\sistem-informasi\sistem-informasi-buku\system\Database\Database.php(66): CodeIgniter\Database\BaseConnection->initialize()
#3 D:\codeigniter\sistem-informasi\sistem-informasi-buku\system\Database\Config.php(109): CodeIgniter\Database\Database->loadForge(Object(CodeIgniter\Database\MySQLi\Connection))
#4 D:\codeigniter\sistem-informasi\sistem-informasi-buku\system\Commands\Database\CreateDatabase.php(137): CodeIgniter\Database\Config::forge()
#5 D:\codeigniter\sistem-informasi\sistem-informasi-buku\system\CLI\Commands.php(65): CodeIgniter\Commands\Database\CreateDatabase->run(Array)
#6 D:\codeigniter\sistem-informasi\sistem-informasi-buku\system\CLI\Console.php(37): CodeIgniter\CLI\Commands->run('db:create', Array)
#7 D:\codeigniter\sistem-informasi\sistem-informasi-buku\spark(97): CodeIgniter\CLI\Console->run()
#8 {main}

Next CodeIgniter\Database\Exceptions\DatabaseException: Access denied for user '****'@'localhost' (using password: YES) in D:\codeigniter\sistem-informasi\sistem-informasi-buku\system\Database\MySQLi\Connection.php:218
Stack trace:
#0 D:\codeigniter\sistem-informasi\sistem-informasi-buku\system\Database\BaseConnection.php(391): CodeIgniter\Database\MySQLi\Connection->connect(false)
#1 D:\codeigniter\sistem-informasi\sistem-informasi-buku\system\Database\Database.php(66): CodeIgniter\Database\BaseConnection->initialize()
#2 D:\codeigniter\sistem-informasi\sistem-informasi-buku\system\Database\Config.php(109): CodeIgniter\Database\Database->loadForge(Object(CodeIgniter\Database\MySQLi\Connection))
#3 D:\codeigniter\sistem-informasi\sistem-informasi-buku\system\Commands\Database\CreateDatabase.php(137): CodeIgniter\Database\Config::forge()
#4 D:\codeigniter\sistem-informasi\sistem-informasi-buku\system\CLI\Commands.php(65): CodeIgniter\Commands\Database\CreateDatabase->run(Array)
#5 D:\codeigniter\sistem-informasi\sistem-informasi-buku\system\CLI\Console.php(37): CodeIgniter\CLI\Commands->run('db:create', Array)
#6 D:\codeigniter\sistem-informasi\sistem-informasi-buku\spark(97): CodeIgniter\CLI\Console->run()
#7 {main}
CRITICAL - 2023-08-03 14:15:04 --> Undefined variable $router
in APPPATH\Config\Routes.php on line 37.
 1 APPPATH\Config\Routes.php(37): CodeIgniter\Debug\Exceptions->errorHandler(2, 'Undefined variable $router', 'D:\\codeigniter\\sistem-informasi\\sistem-informasi-buku\\app\\Config\\Routes.php', 37)
 2 SYSTEMPATH\Router\RouteCollection.php(267): require('D:\\codeigniter\\sistem-informasi\\sistem-informasi-buku\\app\\Config\\Routes.php')
 3 SYSTEMPATH\CodeIgniter.php(800): CodeIgniter\Router\RouteCollection->loadRoutes()
 4 SYSTEMPATH\CodeIgniter.php(447): CodeIgniter\CodeIgniter->tryToRouteIt(null)
 5 SYSTEMPATH\CodeIgniter.php(366): CodeIgniter\CodeIgniter->handleRequest(null, Object(Config\Cache), false)
 6 FCPATH\index.php(67): CodeIgniter\CodeIgniter->run()
 7 SYSTEMPATH\Commands\Server\rewrite.php(47): require_once('D:\\codeigniter\\sistem-informasi\\sistem-informasi-buku\\public\\index.php')
CRITICAL - 2023-08-03 14:15:08 --> Undefined variable $router
in APPPATH\Config\Routes.php on line 37.
 1 APPPATH\Config\Routes.php(37): CodeIgniter\Debug\Exceptions->errorHandler(2, 'Undefined variable $router', 'D:\\codeigniter\\sistem-informasi\\sistem-informasi-buku\\app\\Config\\Routes.php', 37)
 2 SYSTEMPATH\Router\RouteCollection.php(267): require('D:\\codeigniter\\sistem-informasi\\sistem-informasi-buku\\app\\Config\\Routes.php')
 3 SYSTEMPATH\CodeIgniter.php(800): CodeIgniter\Router\RouteCollection->loadRoutes()
 4 SYSTEMPATH\CodeIgniter.php(447): CodeIgniter\CodeIgniter->tryToRouteIt(null)
 5 SYSTEMPATH\CodeIgniter.php(366): CodeIgniter\CodeIgniter->handleRequest(null, Object(Config\Cache), false)
 6 FCPATH\index.php(67): CodeIgniter\CodeIgniter->run()
 7 SYSTEMPATH\Commands\Server\rewrite.php(47): require_once('D:\\codeigniter\\sistem-informasi\\sistem-informasi-buku\\public\\index.php')
CRITICAL - 2023-08-03 14:16:12 --> Undefined variable $router
in APPPATH\Config\Routes.php on line 37.
 1 APPPATH\Config\Routes.php(37): CodeIgniter\Debug\Exceptions->errorHandler(2, 'Undefined variable $router', 'D:\\codeigniter\\sistem-informasi\\sistem-informasi-buku\\app\\Config\\Routes.php', 37)
 2 SYSTEMPATH\Router\RouteCollection.php(267): require('D:\\codeigniter\\sistem-informasi\\sistem-informasi-buku\\app\\Config\\Routes.php')
 3 SYSTEMPATH\CodeIgniter.php(800): CodeIgniter\Router\RouteCollection->loadRoutes()
 4 SYSTEMPATH\CodeIgniter.php(447): CodeIgniter\CodeIgniter->tryToRouteIt(null)
 5 SYSTEMPATH\CodeIgniter.php(366): CodeIgniter\CodeIgniter->handleRequest(null, Object(Config\Cache), false)
 6 FCPATH\index.php(67): CodeIgniter\CodeIgniter->run()
 7 SYSTEMPATH\Commands\Server\rewrite.php(47): require_once('D:\\codeigniter\\sistem-informasi\\sistem-informasi-buku\\public\\index.php')
CRITICAL - 2023-08-03 14:17:18 --> Undefined variable $router
in APPPATH\Config\Routes.php on line 37.
 1 APPPATH\Config\Routes.php(37): CodeIgniter\Debug\Exceptions->errorHandler(2, 'Undefined variable $router', 'D:\\codeigniter\\sistem-informasi\\sistem-informasi-buku\\app\\Config\\Routes.php', 37)
 2 SYSTEMPATH\Router\RouteCollection.php(267): require('D:\\codeigniter\\sistem-informasi\\sistem-informasi-buku\\app\\Config\\Routes.php')
 3 SYSTEMPATH\CodeIgniter.php(800): CodeIgniter\Router\RouteCollection->loadRoutes()
 4 SYSTEMPATH\CodeIgniter.php(447): CodeIgniter\CodeIgniter->tryToRouteIt(null)
 5 SYSTEMPATH\CodeIgniter.php(366): CodeIgniter\CodeIgniter->handleRequest(null, Object(Config\Cache), false)
 6 FCPATH\index.php(67): CodeIgniter\CodeIgniter->run()
 7 SYSTEMPATH\Commands\Server\rewrite.php(47): require_once('D:\\codeigniter\\sistem-informasi\\sistem-informasi-buku\\public\\index.php')
INFO - 2023-08-03 14:17:43 --> Session: Class initialized using 'CodeIgniter\Session\Handlers\FileHandler' driver.
INFO - 2023-08-03 14:17:52 --> Session: Class initialized using 'CodeIgniter\Session\Handlers\FileHandler' driver.
INFO - 2023-08-03 14:17:55 --> Session: Class initialized using 'CodeIgniter\Session\Handlers\FileHandler' driver.
INFO - 2023-08-03 14:17:57 --> Session: Class initialized using 'CodeIgniter\Session\Handlers\FileHandler' driver.
ERROR - 2023-08-03 14:18:07 --> mysqli_sql_exception: Table 'sistem_buku.user' doesn't exist in D:\codeigniter\sistem-informasi\sistem-informasi-buku\system\Database\MySQLi\Connection.php:295
Stack trace:
#0 D:\codeigniter\sistem-informasi\sistem-informasi-buku\system\Database\MySQLi\Connection.php(295): mysqli->query('SELECT 1\nFROM `...', 0)
#1 D:\codeigniter\sistem-informasi\sistem-informasi-buku\system\Database\BaseConnection.php(692): CodeIgniter\Database\MySQLi\Connection->execute('SELECT 1\nFROM `...')
#2 D:\codeigniter\sistem-informasi\sistem-informasi-buku\system\Database\BaseConnection.php(606): CodeIgniter\Database\BaseConnection->simpleQuery('SELECT 1\nFROM `...')
#3 D:\codeigniter\sistem-informasi\sistem-informasi-buku\system\Database\BaseBuilder.php(1616): CodeIgniter\Database\BaseConnection->query('SELECT 1\nFROM `...', Array, false)
#4 D:\codeigniter\sistem-informasi\sistem-informasi-buku\system\Validation\StrictRules\Rules.php(206): CodeIgniter\Database\BaseBuilder->get()
#5 D:\codeigniter\sistem-informasi\sistem-informasi-buku\system\Validation\Validation.php(278): CodeIgniter\Validation\StrictRules\Rules->is_unique('kodobi@mailinat...', 'email', Array, NULL, 'email')
#6 D:\codeigniter\sistem-informasi\sistem-informasi-buku\system\Validation\Validation.php(182): CodeIgniter\Validation\Validation->processRules('email', 'email', 'kodobi@mailinat...', Array, Array)
#7 D:\codeigniter\sistem-informasi\sistem-informasi-buku\system\Controller.php(140): CodeIgniter\Validation\Validation->run()
#8 D:\codeigniter\sistem-informasi\sistem-informasi-buku\app\Controllers\Register.php(31): CodeIgniter\Controller->validate(Array)
#9 D:\codeigniter\sistem-informasi\sistem-informasi-buku\system\CodeIgniter.php(932): App\Controllers\Register->registerPengunjung()
#10 D:\codeigniter\sistem-informasi\sistem-informasi-buku\system\CodeIgniter.php(497): CodeIgniter\CodeIgniter->runController(Object(App\Controllers\Register))
#11 D:\codeigniter\sistem-informasi\sistem-informasi-buku\system\CodeIgniter.php(366): CodeIgniter\CodeIgniter->handleRequest(NULL, Object(Config\Cache), false)
#12 D:\codeigniter\sistem-informasi\sistem-informasi-buku\public\index.php(67): CodeIgniter\CodeIgniter->run()
#13 D:\codeigniter\sistem-informasi\sistem-informasi-buku\system\Commands\Server\rewrite.php(47): require_once('D:\\codeigniter\\...')
#14 {main}
CRITICAL - 2023-08-03 14:18:07 --> Table 'sistem_buku.user' doesn't exist
in SYSTEMPATH\Database\MySQLi\Connection.php on line 295.
 1 SYSTEMPATH\Database\MySQLi\Connection.php(295): mysqli->query('SELECT 1
FROM `user`
WHERE `email` = \'kodobi@mailinator.com\'
 LIMIT 1', 0)
 2 SYSTEMPATH\Database\BaseConnection.php(692): CodeIgniter\Database\MySQLi\Connection->execute('SELECT 1
FROM `user`
WHERE `email` = \'kodobi@mailinator.com\'
 LIMIT 1')
 3 SYSTEMPATH\Database\BaseConnection.php(606): CodeIgniter\Database\BaseConnection->simpleQuery('SELECT 1
FROM `user`
WHERE `email` = \'kodobi@mailinator.com\'
 LIMIT 1')
 4 SYSTEMPATH\Database\BaseBuilder.php(1616): CodeIgniter\Database\BaseConnection->query('SELECT 1
FROM `user`
WHERE `email` = :email:
 LIMIT 1', [...], false)
 5 SYSTEMPATH\Validation\StrictRules\Rules.php(206): CodeIgniter\Database\BaseBuilder->get()
 6 SYSTEMPATH\Validation\Validation.php(278): CodeIgniter\Validation\StrictRules\Rules->is_unique('kodobi@mailinator.com', 'email', [...], null, 'email')
 7 SYSTEMPATH\Validation\Validation.php(182): CodeIgniter\Validation\Validation->processRules('email', 'email', 'kodobi@mailinator.com', [...], [...])
 8 SYSTEMPATH\Controller.php(140): CodeIgniter\Validation\Validation->run()
 9 APPPATH\Controllers\Register.php(31): CodeIgniter\Controller->validate([...])
10 SYSTEMPATH\CodeIgniter.php(932): App\Controllers\Register->registerPengunjung()
11 SYSTEMPATH\CodeIgniter.php(497): CodeIgniter\CodeIgniter->runController(Object(App\Controllers\Register))
12 SYSTEMPATH\CodeIgniter.php(366): CodeIgniter\CodeIgniter->handleRequest(null, Object(Config\Cache), false)
13 FCPATH\index.php(67): CodeIgniter\CodeIgniter->run()
14 SYSTEMPATH\Commands\Server\rewrite.php(47): require_once('D:\\codeigniter\\sistem-informasi\\sistem-informasi-buku\\public\\index.php')
ERROR - 2023-08-03 14:19:37 --> mysqli_sql_exception: Table 'sistem_buku.user' doesn't exist in D:\codeigniter\sistem-informasi\sistem-informasi-buku\system\Database\MySQLi\Connection.php:295
Stack trace:
#0 D:\codeigniter\sistem-informasi\sistem-informasi-buku\system\Database\MySQLi\Connection.php(295): mysqli->query('SELECT 1\nFROM `...', 0)
#1 D:\codeigniter\sistem-informasi\sistem-informasi-buku\system\Database\BaseConnection.php(692): CodeIgniter\Database\MySQLi\Connection->execute('SELECT 1\nFROM `...')
#2 D:\codeigniter\sistem-informasi\sistem-informasi-buku\system\Database\BaseConnection.php(606): CodeIgniter\Database\BaseConnection->simpleQuery('SELECT 1\nFROM `...')
#3 D:\codeigniter\sistem-informasi\sistem-informasi-buku\system\Database\BaseBuilder.php(1616): CodeIgniter\Database\BaseConnection->query('SELECT 1\nFROM `...', Array, false)
#4 D:\codeigniter\sistem-informasi\sistem-informasi-buku\system\Validation\StrictRules\Rules.php(206): CodeIgniter\Database\BaseBuilder->get()
#5 D:\codeigniter\sistem-informasi\sistem-informasi-buku\system\Validation\Validation.php(278): CodeIgniter\Validation\StrictRules\Rules->is_unique('kodobi@mailinat...', 'email', Array, NULL, 'email')
#6 D:\codeigniter\sistem-informasi\sistem-informasi-buku\system\Validation\Validation.php(182): CodeIgniter\Validation\Validation->processRules('email', 'email', 'kodobi@mailinat...', Array, Array)
#7 D:\codeigniter\sistem-informasi\sistem-informasi-buku\system\Controller.php(140): CodeIgniter\Validation\Validation->run()
#8 D:\codeigniter\sistem-informasi\sistem-informasi-buku\app\Controllers\Register.php(31): CodeIgniter\Controller->validate(Array)
#9 D:\codeigniter\sistem-informasi\sistem-informasi-buku\system\CodeIgniter.php(932): App\Controllers\Register->registerPengunjung()
#10 D:\codeigniter\sistem-informasi\sistem-informasi-buku\system\CodeIgniter.php(497): CodeIgniter\CodeIgniter->runController(Object(App\Controllers\Register))
#11 D:\codeigniter\sistem-informasi\sistem-informasi-buku\system\CodeIgniter.php(366): CodeIgniter\CodeIgniter->handleRequest(NULL, Object(Config\Cache), false)
#12 D:\codeigniter\sistem-informasi\sistem-informasi-buku\public\index.php(67): CodeIgniter\CodeIgniter->run()
#13 D:\codeigniter\sistem-informasi\sistem-informasi-buku\system\Commands\Server\rewrite.php(47): require_once('D:\\codeigniter\\...')
#14 {main}
CRITICAL - 2023-08-03 14:19:38 --> Table 'sistem_buku.user' doesn't exist
in SYSTEMPATH\Database\MySQLi\Connection.php on line 295.
 1 SYSTEMPATH\Database\MySQLi\Connection.php(295): mysqli->query('SELECT 1
FROM `user`
WHERE `email` = \'kodobi@mailinator.com\'
 LIMIT 1', 0)
 2 SYSTEMPATH\Database\BaseConnection.php(692): CodeIgniter\Database\MySQLi\Connection->execute('SELECT 1
FROM `user`
WHERE `email` = \'kodobi@mailinator.com\'
 LIMIT 1')
 3 SYSTEMPATH\Database\BaseConnection.php(606): CodeIgniter\Database\BaseConnection->simpleQuery('SELECT 1
FROM `user`
WHERE `email` = \'kodobi@mailinator.com\'
 LIMIT 1')
 4 SYSTEMPATH\Database\BaseBuilder.php(1616): CodeIgniter\Database\BaseConnection->query('SELECT 1
FROM `user`
WHERE `email` = :email:
 LIMIT 1', [...], false)
 5 SYSTEMPATH\Validation\StrictRules\Rules.php(206): CodeIgniter\Database\BaseBuilder->get()
 6 SYSTEMPATH\Validation\Validation.php(278): CodeIgniter\Validation\StrictRules\Rules->is_unique('kodobi@mailinator.com', 'email', [...], null, 'email')
 7 SYSTEMPATH\Validation\Validation.php(182): CodeIgniter\Validation\Validation->processRules('email', 'email', 'kodobi@mailinator.com', [...], [...])
 8 SYSTEMPATH\Controller.php(140): CodeIgniter\Validation\Validation->run()
 9 APPPATH\Controllers\Register.php(31): CodeIgniter\Controller->validate([...])
10 SYSTEMPATH\CodeIgniter.php(932): App\Controllers\Register->registerPengunjung()
11 SYSTEMPATH\CodeIgniter.php(497): CodeIgniter\CodeIgniter->runController(Object(App\Controllers\Register))
12 SYSTEMPATH\CodeIgniter.php(366): CodeIgniter\CodeIgniter->handleRequest(null, Object(Config\Cache), false)
13 FCPATH\index.php(67): CodeIgniter\CodeIgniter->run()
14 SYSTEMPATH\Commands\Server\rewrite.php(47): require_once('D:\\codeigniter\\sistem-informasi\\sistem-informasi-buku\\public\\index.php')
INFO - 2023-08-03 14:19:42 --> Session: Class initialized using 'CodeIgniter\Session\Handlers\FileHandler' driver.
ERROR - 2023-08-03 14:19:48 --> mysqli_sql_exception: Table 'sistem_buku.user' doesn't exist in D:\codeigniter\sistem-informasi\sistem-informasi-buku\system\Database\MySQLi\Connection.php:295
Stack trace:
#0 D:\codeigniter\sistem-informasi\sistem-informasi-buku\system\Database\MySQLi\Connection.php(295): mysqli->query('SELECT 1\nFROM `...', 0)
#1 D:\codeigniter\sistem-informasi\sistem-informasi-buku\system\Database\BaseConnection.php(692): CodeIgniter\Database\MySQLi\Connection->execute('SELECT 1\nFROM `...')
#2 D:\codeigniter\sistem-informasi\sistem-informasi-buku\system\Database\BaseConnection.php(606): CodeIgniter\Database\BaseConnection->simpleQuery('SELECT 1\nFROM `...')
#3 D:\codeigniter\sistem-informasi\sistem-informasi-buku\system\Database\BaseBuilder.php(1616): CodeIgniter\Database\BaseConnection->query('SELECT 1\nFROM `...', Array, false)
#4 D:\codeigniter\sistem-informasi\sistem-informasi-buku\system\Validation\StrictRules\Rules.php(206): CodeIgniter\Database\BaseBuilder->get()
#5 D:\codeigniter\sistem-informasi\sistem-informasi-buku\system\Validation\Validation.php(278): CodeIgniter\Validation\StrictRules\Rules->is_unique('hydi@mailinator...', 'email', Array, NULL, 'email')
#6 D:\codeigniter\sistem-informasi\sistem-informasi-buku\system\Validation\Validation.php(182): CodeIgniter\Validation\Validation->processRules('email', 'email', 'hydi@mailinator...', Array, Array)
#7 D:\codeigniter\sistem-informasi\sistem-informasi-buku\system\Controller.php(140): CodeIgniter\Validation\Validation->run()
#8 D:\codeigniter\sistem-informasi\sistem-informasi-buku\app\Controllers\Register.php(31): CodeIgniter\Controller->validate(Array)
#9 D:\codeigniter\sistem-informasi\sistem-informasi-buku\system\CodeIgniter.php(932): App\Controllers\Register->registerPengunjung()
#10 D:\codeigniter\sistem-informasi\sistem-informasi-buku\system\CodeIgniter.php(497): CodeIgniter\CodeIgniter->runController(Object(App\Controllers\Register))
#11 D:\codeigniter\sistem-informasi\sistem-informasi-buku\system\CodeIgniter.php(366): CodeIgniter\CodeIgniter->handleRequest(NULL, Object(Config\Cache), false)
#12 D:\codeigniter\sistem-informasi\sistem-informasi-buku\public\index.php(67): CodeIgniter\CodeIgniter->run()
#13 D:\codeigniter\sistem-informasi\sistem-informasi-buku\system\Commands\Server\rewrite.php(47): require_once('D:\\codeigniter\\...')
#14 {main}
CRITICAL - 2023-08-03 14:19:48 --> Table 'sistem_buku.user' doesn't exist
in SYSTEMPATH\Database\MySQLi\Connection.php on line 295.
 1 SYSTEMPATH\Database\MySQLi\Connection.php(295): mysqli->query('SELECT 1
FROM `user`
WHERE `email` = \'hydi@mailinator.com\'
 LIMIT 1', 0)
 2 SYSTEMPATH\Database\BaseConnection.php(692): CodeIgniter\Database\MySQLi\Connection->execute('SELECT 1
FROM `user`
WHERE `email` = \'hydi@mailinator.com\'
 LIMIT 1')
 3 SYSTEMPATH\Database\BaseConnection.php(606): CodeIgniter\Database\BaseConnection->simpleQuery('SELECT 1
FROM `user`
WHERE `email` = \'hydi@mailinator.com\'
 LIMIT 1')
 4 SYSTEMPATH\Database\BaseBuilder.php(1616): CodeIgniter\Database\BaseConnection->query('SELECT 1
FROM `user`
WHERE `email` = :email:
 LIMIT 1', [...], false)
 5 SYSTEMPATH\Validation\StrictRules\Rules.php(206): CodeIgniter\Database\BaseBuilder->get()
 6 SYSTEMPATH\Validation\Validation.php(278): CodeIgniter\Validation\StrictRules\Rules->is_unique('hydi@mailinator.com', 'email', [...], null, 'email')
 7 SYSTEMPATH\Validation\Validation.php(182): CodeIgniter\Validation\Validation->processRules('email', 'email', 'hydi@mailinator.com', [...], [...])
 8 SYSTEMPATH\Controller.php(140): CodeIgniter\Validation\Validation->run()
 9 APPPATH\Controllers\Register.php(31): CodeIgniter\Controller->validate([...])
10 SYSTEMPATH\CodeIgniter.php(932): App\Controllers\Register->registerPengunjung()
11 SYSTEMPATH\CodeIgniter.php(497): CodeIgniter\CodeIgniter->runController(Object(App\Controllers\Register))
12 SYSTEMPATH\CodeIgniter.php(366): CodeIgniter\CodeIgniter->handleRequest(null, Object(Config\Cache), false)
13 FCPATH\index.php(67): CodeIgniter\CodeIgniter->run()
14 SYSTEMPATH\Commands\Server\rewrite.php(47): require_once('D:\\codeigniter\\sistem-informasi\\sistem-informasi-buku\\public\\index.php')
INFO - 2023-08-03 14:21:06 --> Session: Class initialized using 'CodeIgniter\Session\Handlers\FileHandler' driver.
INFO - 2023-08-03 14:21:08 --> Session: Class initialized using 'CodeIgniter\Session\Handlers\FileHandler' driver.
ERROR - 2023-08-03 14:21:19 --> mysqli_sql_exception: Table 'sistem_buku.user' doesn't exist in D:\codeigniter\sistem-informasi\sistem-informasi-buku\system\Database\MySQLi\Connection.php:295
Stack trace:
#0 D:\codeigniter\sistem-informasi\sistem-informasi-buku\system\Database\MySQLi\Connection.php(295): mysqli->query('SELECT 1\nFROM `...', 0)
#1 D:\codeigniter\sistem-informasi\sistem-informasi-buku\system\Database\BaseConnection.php(692): CodeIgniter\Database\MySQLi\Connection->execute('SELECT 1\nFROM `...')
#2 D:\codeigniter\sistem-informasi\sistem-informasi-buku\system\Database\BaseConnection.php(606): CodeIgniter\Database\BaseConnection->simpleQuery('SELECT 1\nFROM `...')
#3 D:\codeigniter\sistem-informasi\sistem-informasi-buku\system\Database\BaseBuilder.php(1616): CodeIgniter\Database\BaseConnection->query('SELECT 1\nFROM `...', Array, false)
#4 D:\codeigniter\sistem-informasi\sistem-informasi-buku\system\Validation\StrictRules\Rules.php(206): CodeIgniter\Database\BaseBuilder->get()
#5 D:\codeigniter\sistem-informasi\sistem-informasi-buku\system\Validation\Validation.php(278): CodeIgniter\Validation\StrictRules\Rules->is_unique('cenukele@mailin...', 'email', Array, NULL, 'email')
#6 D:\codeigniter\sistem-informasi\sistem-informasi-buku\system\Validation\Validation.php(182): CodeIgniter\Validation\Validation->processRules('email', 'email', 'cenukele@mailin...', Array, Array)
#7 D:\codeigniter\sistem-informasi\sistem-informasi-buku\system\Controller.php(140): CodeIgniter\Validation\Validation->run()
#8 D:\codeigniter\sistem-informasi\sistem-informasi-buku\app\Controllers\Register.php(31): CodeIgniter\Controller->validate(Array)
#9 D:\codeigniter\sistem-informasi\sistem-informasi-buku\system\CodeIgniter.php(932): App\Controllers\Register->registerPengunjung()
#10 D:\codeigniter\sistem-informasi\sistem-informasi-buku\system\CodeIgniter.php(497): CodeIgniter\CodeIgniter->runController(Object(App\Controllers\Register))
#11 D:\codeigniter\sistem-informasi\sistem-informasi-buku\system\CodeIgniter.php(366): CodeIgniter\CodeIgniter->handleRequest(NULL, Object(Config\Cache), false)
#12 D:\codeigniter\sistem-informasi\sistem-informasi-buku\public\index.php(67): CodeIgniter\CodeIgniter->run()
#13 D:\codeigniter\sistem-informasi\sistem-informasi-buku\system\Commands\Server\rewrite.php(47): require_once('D:\\codeigniter\\...')
#14 {main}
CRITICAL - 2023-08-03 14:21:19 --> Table 'sistem_buku.user' doesn't exist
in SYSTEMPATH\Database\MySQLi\Connection.php on line 295.
 1 SYSTEMPATH\Database\MySQLi\Connection.php(295): mysqli->query('SELECT 1
FROM `user`
WHERE `email` = \'cenukele@mailinator.com\'
 LIMIT 1', 0)
 2 SYSTEMPATH\Database\BaseConnection.php(692): CodeIgniter\Database\MySQLi\Connection->execute('SELECT 1
FROM `user`
WHERE `email` = \'cenukele@mailinator.com\'
 LIMIT 1')
 3 SYSTEMPATH\Database\BaseConnection.php(606): CodeIgniter\Database\BaseConnection->simpleQuery('SELECT 1
FROM `user`
WHERE `email` = \'cenukele@mailinator.com\'
 LIMIT 1')
 4 SYSTEMPATH\Database\BaseBuilder.php(1616): CodeIgniter\Database\BaseConnection->query('SELECT 1
FROM `user`
WHERE `email` = :email:
 LIMIT 1', [...], false)
 5 SYSTEMPATH\Validation\StrictRules\Rules.php(206): CodeIgniter\Database\BaseBuilder->get()
 6 SYSTEMPATH\Validation\Validation.php(278): CodeIgniter\Validation\StrictRules\Rules->is_unique('cenukele@mailinator.com', 'email', [...], null, 'email')
 7 SYSTEMPATH\Validation\Validation.php(182): CodeIgniter\Validation\Validation->processRules('email', 'email', 'cenukele@mailinator.com', [...], [...])
 8 SYSTEMPATH\Controller.php(140): CodeIgniter\Validation\Validation->run()
 9 APPPATH\Controllers\Register.php(31): CodeIgniter\Controller->validate([...])
10 SYSTEMPATH\CodeIgniter.php(932): App\Controllers\Register->registerPengunjung()
11 SYSTEMPATH\CodeIgniter.php(497): CodeIgniter\CodeIgniter->runController(Object(App\Controllers\Register))
12 SYSTEMPATH\CodeIgniter.php(366): CodeIgniter\CodeIgniter->handleRequest(null, Object(Config\Cache), false)
13 FCPATH\index.php(67): CodeIgniter\CodeIgniter->run()
14 SYSTEMPATH\Commands\Server\rewrite.php(47): require_once('D:\\codeigniter\\sistem-informasi\\sistem-informasi-buku\\public\\index.php')
ERROR - 2023-08-03 14:22:26 --> mysqli_sql_exception: Table 'sistem_buku.user' doesn't exist in D:\codeigniter\sistem-informasi\sistem-informasi-buku\system\Database\MySQLi\Connection.php:295
Stack trace:
#0 D:\codeigniter\sistem-informasi\sistem-informasi-buku\system\Database\MySQLi\Connection.php(295): mysqli->query('SELECT 1\nFROM `...', 0)
#1 D:\codeigniter\sistem-informasi\sistem-informasi-buku\system\Database\BaseConnection.php(692): CodeIgniter\Database\MySQLi\Connection->execute('SELECT 1\nFROM `...')
#2 D:\codeigniter\sistem-informasi\sistem-informasi-buku\system\Database\BaseConnection.php(606): CodeIgniter\Database\BaseConnection->simpleQuery('SELECT 1\nFROM `...')
#3 D:\codeigniter\sistem-informasi\sistem-informasi-buku\system\Database\BaseBuilder.php(1616): CodeIgniter\Database\BaseConnection->query('SELECT 1\nFROM `...', Array, false)
#4 D:\codeigniter\sistem-informasi\sistem-informasi-buku\system\Validation\StrictRules\Rules.php(206): CodeIgniter\Database\BaseBuilder->get()
#5 D:\codeigniter\sistem-informasi\sistem-informasi-buku\system\Validation\Validation.php(278): CodeIgniter\Validation\StrictRules\Rules->is_unique('cenukele@mailin...', 'email', Array, NULL, 'email')
#6 D:\codeigniter\sistem-informasi\sistem-informasi-buku\system\Validation\Validation.php(182): CodeIgniter\Validation\Validation->processRules('email', 'email', 'cenukele@mailin...', Array, Array)
#7 D:\codeigniter\sistem-informasi\sistem-informasi-buku\system\Controller.php(140): CodeIgniter\Validation\Validation->run()
#8 D:\codeigniter\sistem-informasi\sistem-informasi-buku\app\Controllers\Register.php(31): CodeIgniter\Controller->validate(Array)
#9 D:\codeigniter\sistem-informasi\sistem-informasi-buku\system\CodeIgniter.php(932): App\Controllers\Register->registerPengunjung()
#10 D:\codeigniter\sistem-informasi\sistem-informasi-buku\system\CodeIgniter.php(497): CodeIgniter\CodeIgniter->runController(Object(App\Controllers\Register))
#11 D:\codeigniter\sistem-informasi\sistem-informasi-buku\system\CodeIgniter.php(366): CodeIgniter\CodeIgniter->handleRequest(NULL, Object(Config\Cache), false)
#12 D:\codeigniter\sistem-informasi\sistem-informasi-buku\public\index.php(67): CodeIgniter\CodeIgniter->run()
#13 D:\codeigniter\sistem-informasi\sistem-informasi-buku\system\Commands\Server\rewrite.php(47): require_once('D:\\codeigniter\\...')
#14 {main}
CRITICAL - 2023-08-03 14:22:26 --> Table 'sistem_buku.user' doesn't exist
in SYSTEMPATH\Database\MySQLi\Connection.php on line 295.
 1 SYSTEMPATH\Database\MySQLi\Connection.php(295): mysqli->query('SELECT 1
FROM `user`
WHERE `email` = \'cenukele@mailinator.com\'
 LIMIT 1', 0)
 2 SYSTEMPATH\Database\BaseConnection.php(692): CodeIgniter\Database\MySQLi\Connection->execute('SELECT 1
FROM `user`
WHERE `email` = \'cenukele@mailinator.com\'
 LIMIT 1')
 3 SYSTEMPATH\Database\BaseConnection.php(606): CodeIgniter\Database\BaseConnection->simpleQuery('SELECT 1
FROM `user`
WHERE `email` = \'cenukele@mailinator.com\'
 LIMIT 1')
 4 SYSTEMPATH\Database\BaseBuilder.php(1616): CodeIgniter\Database\BaseConnection->query('SELECT 1
FROM `user`
WHERE `email` = :email:
 LIMIT 1', [...], false)
 5 SYSTEMPATH\Validation\StrictRules\Rules.php(206): CodeIgniter\Database\BaseBuilder->get()
 6 SYSTEMPATH\Validation\Validation.php(278): CodeIgniter\Validation\StrictRules\Rules->is_unique('cenukele@mailinator.com', 'email', [...], null, 'email')
 7 SYSTEMPATH\Validation\Validation.php(182): CodeIgniter\Validation\Validation->processRules('email', 'email', 'cenukele@mailinator.com', [...], [...])
 8 SYSTEMPATH\Controller.php(140): CodeIgniter\Validation\Validation->run()
 9 APPPATH\Controllers\Register.php(31): CodeIgniter\Controller->validate([...])
10 SYSTEMPATH\CodeIgniter.php(932): App\Controllers\Register->registerPengunjung()
11 SYSTEMPATH\CodeIgniter.php(497): CodeIgniter\CodeIgniter->runController(Object(App\Controllers\Register))
12 SYSTEMPATH\CodeIgniter.php(366): CodeIgniter\CodeIgniter->handleRequest(null, Object(Config\Cache), false)
13 FCPATH\index.php(67): CodeIgniter\CodeIgniter->run()
14 SYSTEMPATH\Commands\Server\rewrite.php(47): require_once('D:\\codeigniter\\sistem-informasi\\sistem-informasi-buku\\public\\index.php')
INFO - 2023-08-03 14:24:14 --> Session: Class initialized using 'CodeIgniter\Session\Handlers\FileHandler' driver.
INFO - 2023-08-03 14:36:21 --> Session: Class initialized using 'CodeIgniter\Session\Handlers\FileHandler' driver.
INFO - 2023-08-03 14:36:34 --> Session: Class initialized using 'CodeIgniter\Session\Handlers\FileHandler' driver.
INFO - 2023-08-03 14:36:35 --> Session: Class initialized using 'CodeIgniter\Session\Handlers\FileHandler' driver.
INFO - 2023-08-03 14:36:37 --> Session: Class initialized using 'CodeIgniter\Session\Handlers\FileHandler' driver.
INFO - 2023-08-03 14:36:39 --> Session: Class initialized using 'CodeIgniter\Session\Handlers\FileHandler' driver.
INFO - 2023-08-03 14:36:48 --> Session: Class initialized using 'CodeIgniter\Session\Handlers\FileHandler' driver.
INFO - 2023-08-03 14:37:23 --> Session: Class initialized using 'CodeIgniter\Session\Handlers\FileHandler' driver.
INFO - 2023-08-03 14:37:48 --> Session: Class initialized using 'CodeIgniter\Session\Handlers\FileHandler' driver.
INFO - 2023-08-03 14:37:51 --> Session: Class initialized using 'CodeIgniter\Session\Handlers\FileHandler' driver.
INFO - 2023-08-03 14:37:52 --> Session: Class initialized using 'CodeIgniter\Session\Handlers\FileHandler' driver.
INFO - 2023-08-03 14:37:55 --> Session: Class initialized using 'CodeIgniter\Session\Handlers\FileHandler' driver.
INFO - 2023-08-03 14:39:48 --> Session: Class initialized using 'CodeIgniter\Session\Handlers\FileHandler' driver.
INFO - 2023-08-03 14:39:50 --> Session: Class initialized using 'CodeIgniter\Session\Handlers\FileHandler' driver.
INFO - 2023-08-03 14:39:52 --> Session: Class initialized using 'CodeIgniter\Session\Handlers\FileHandler' driver.
INFO - 2023-08-03 14:40:32 --> Session: Class initialized using 'CodeIgniter\Session\Handlers\FileHandler' driver.
CRITICAL - 2023-08-03 14:40:32 --> Undefined array key "id_user"
in APPPATH\Controllers\Login.php on line 41.
 1 APPPATH\Controllers\Login.php(41): CodeIgniter\Debug\Exceptions->errorHandler(2, 'Undefined array key "id_user"', 'D:\\codeigniter\\sistem-informasi\\sistem-informasi-buku\\app\\Controllers\\Login.php', 41)
 2 SYSTEMPATH\CodeIgniter.php(932): App\Controllers\Login->login()
 3 SYSTEMPATH\CodeIgniter.php(497): CodeIgniter\CodeIgniter->runController(Object(App\Controllers\Login))
 4 SYSTEMPATH\CodeIgniter.php(366): CodeIgniter\CodeIgniter->handleRequest(null, Object(Config\Cache), false)
 5 FCPATH\index.php(67): CodeIgniter\CodeIgniter->run()
 6 SYSTEMPATH\Commands\Server\rewrite.php(47): require_once('D:\\codeigniter\\sistem-informasi\\sistem-informasi-buku\\public\\index.php')
INFO - 2023-08-03 14:42:00 --> Session: Class initialized using 'CodeIgniter\Session\Handlers\FileHandler' driver.
INFO - 2023-08-03 14:42:01 --> Session: Class initialized using 'CodeIgniter\Session\Handlers\FileHandler' driver.
INFO - 2023-08-03 14:42:10 --> Session: Class initialized using 'CodeIgniter\Session\Handlers\FileHandler' driver.
INFO - 2023-08-03 14:42:41 --> Session: Class initialized using 'CodeIgniter\Session\Handlers\FileHandler' driver.
INFO - 2023-08-03 14:42:56 --> Session: Class initialized using 'CodeIgniter\Session\Handlers\FileHandler' driver.
INFO - 2023-08-03 14:42:56 --> Session: Class initialized using 'CodeIgniter\Session\Handlers\FileHandler' driver.
CRITICAL - 2023-08-03 14:44:03 --> session_destroy(): Trying to destroy uninitialized session
in APPPATH\Controllers\Login.php on line 79.
 1 [internal function]: CodeIgniter\Debug\Exceptions->errorHandler(2, 'session_destroy(): Trying to destroy uninitialized session', 'D:\\codeigniter\\sistem-informasi\\sistem-informasi-buku\\app\\Controllers\\Login.php', 79)
 2 APPPATH\Controllers\Login.php(79): session_destroy()
 3 SYSTEMPATH\CodeIgniter.php(932): App\Controllers\Login->logout()
 4 SYSTEMPATH\CodeIgniter.php(497): CodeIgniter\CodeIgniter->runController(Object(App\Controllers\Login))
 5 SYSTEMPATH\CodeIgniter.php(366): CodeIgniter\CodeIgniter->handleRequest(null, Object(Config\Cache), false)
 6 FCPATH\index.php(67): CodeIgniter\CodeIgniter->run()
 7 SYSTEMPATH\Commands\Server\rewrite.php(47): require_once('D:\\codeigniter\\sistem-informasi\\sistem-informasi-buku\\public\\index.php')
INFO - 2023-08-03 14:44:07 --> Session: Class initialized using 'CodeIgniter\Session\Handlers\FileHandler' driver.
INFO - 2023-08-03 14:44:09 --> Session: Class initialized using 'CodeIgniter\Session\Handlers\FileHandler' driver.
CRITICAL - 2023-08-03 14:44:12 --> session_destroy(): Trying to destroy uninitialized session
in APPPATH\Controllers\Login.php on line 79.
 1 [internal function]: CodeIgniter\Debug\Exceptions->errorHandler(2, 'session_destroy(): Trying to destroy uninitialized session', 'D:\\codeigniter\\sistem-informasi\\sistem-informasi-buku\\app\\Controllers\\Login.php', 79)
 2 APPPATH\Controllers\Login.php(79): session_destroy()
 3 SYSTEMPATH\CodeIgniter.php(932): App\Controllers\Login->logout()
 4 SYSTEMPATH\CodeIgniter.php(497): CodeIgniter\CodeIgniter->runController(Object(App\Controllers\Login))
 5 SYSTEMPATH\CodeIgniter.php(366): CodeIgniter\CodeIgniter->handleRequest(null, Object(Config\Cache), false)
 6 FCPATH\index.php(67): CodeIgniter\CodeIgniter->run()
 7 SYSTEMPATH\Commands\Server\rewrite.php(47): require_once('D:\\codeigniter\\sistem-informasi\\sistem-informasi-buku\\public\\index.php')
INFO - 2023-08-03 14:44:17 --> Session: Class initialized using 'CodeIgniter\Session\Handlers\FileHandler' driver.
INFO - 2023-08-03 14:44:19 --> Session: Class initialized using 'CodeIgniter\Session\Handlers\FileHandler' driver.
INFO - 2023-08-03 14:44:21 --> Session: Class initialized using 'CodeIgniter\Session\Handlers\FileHandler' driver.
CRITICAL - 2023-08-03 14:45:57 --> session_destroy(): Trying to destroy uninitialized session
in APPPATH\Controllers\Login.php on line 79.
 1 [internal function]: CodeIgniter\Debug\Exceptions->errorHandler(2, 'session_destroy(): Trying to destroy uninitialized session', 'D:\\codeigniter\\sistem-informasi\\sistem-informasi-buku\\app\\Controllers\\Login.php', 79)
 2 APPPATH\Controllers\Login.php(79): session_destroy()
 3 SYSTEMPATH\CodeIgniter.php(932): App\Controllers\Login->logout()
 4 SYSTEMPATH\CodeIgniter.php(497): CodeIgniter\CodeIgniter->runController(Object(App\Controllers\Login))
 5 SYSTEMPATH\CodeIgniter.php(366): CodeIgniter\CodeIgniter->handleRequest(null, Object(Config\Cache), false)
 6 FCPATH\index.php(67): CodeIgniter\CodeIgniter->run()
 7 SYSTEMPATH\Commands\Server\rewrite.php(47): require_once('D:\\codeigniter\\sistem-informasi\\sistem-informasi-buku\\public\\index.php')
INFO - 2023-08-03 14:47:07 --> Session: Class initialized using 'CodeIgniter\Session\Handlers\FileHandler' driver.
CRITICAL - 2023-08-03 14:47:14 --> session_destroy(): Trying to destroy uninitialized session
in APPPATH\Controllers\Login.php on line 79.
 1 [internal function]: CodeIgniter\Debug\Exceptions->errorHandler(2, 'session_destroy(): Trying to destroy uninitialized session', 'D:\\codeigniter\\sistem-informasi\\sistem-informasi-buku\\app\\Controllers\\Login.php', 79)
 2 APPPATH\Controllers\Login.php(79): session_destroy()
 3 SYSTEMPATH\CodeIgniter.php(932): App\Controllers\Login->logout()
 4 SYSTEMPATH\CodeIgniter.php(497): CodeIgniter\CodeIgniter->runController(Object(App\Controllers\Login))
 5 SYSTEMPATH\CodeIgniter.php(366): CodeIgniter\CodeIgniter->handleRequest(null, Object(Config\Cache), false)
 6 FCPATH\index.php(67): CodeIgniter\CodeIgniter->run()
 7 SYSTEMPATH\Commands\Server\rewrite.php(47): require_once('D:\\codeigniter\\sistem-informasi\\sistem-informasi-buku\\public\\index.php')
INFO - 2023-08-03 14:47:19 --> Session: Class initialized using 'CodeIgniter\Session\Handlers\FileHandler' driver.
CRITICAL - 2023-08-03 14:47:25 --> session_destroy(): Trying to destroy uninitialized session
in APPPATH\Controllers\Login.php on line 79.
 1 [internal function]: CodeIgniter\Debug\Exceptions->errorHandler(2, 'session_destroy(): Trying to destroy uninitialized session', 'D:\\codeigniter\\sistem-informasi\\sistem-informasi-buku\\app\\Controllers\\Login.php', 79)
 2 APPPATH\Controllers\Login.php(79): session_destroy()
 3 SYSTEMPATH\CodeIgniter.php(932): App\Controllers\Login->logout()
 4 SYSTEMPATH\CodeIgniter.php(497): CodeIgniter\CodeIgniter->runController(Object(App\Controllers\Login))
 5 SYSTEMPATH\CodeIgniter.php(366): CodeIgniter\CodeIgniter->handleRequest(null, Object(Config\Cache), false)
 6 FCPATH\index.php(67): CodeIgniter\CodeIgniter->run()
 7 SYSTEMPATH\Commands\Server\rewrite.php(47): require_once('D:\\codeigniter\\sistem-informasi\\sistem-informasi-buku\\public\\index.php')
CRITICAL - 2023-08-03 14:49:54 --> session_destroy(): Trying to destroy uninitialized session
in APPPATH\Controllers\Login.php on line 80.
 1 [internal function]: CodeIgniter\Debug\Exceptions->errorHandler(2, 'session_destroy(): Trying to destroy uninitialized session', 'D:\\codeigniter\\sistem-informasi\\sistem-informasi-buku\\app\\Controllers\\Login.php', 80)
 2 APPPATH\Controllers\Login.php(80): session_destroy()
 3 SYSTEMPATH\CodeIgniter.php(932): App\Controllers\Login->logout()
 4 SYSTEMPATH\CodeIgniter.php(497): CodeIgniter\CodeIgniter->runController(Object(App\Controllers\Login))
 5 SYSTEMPATH\CodeIgniter.php(366): CodeIgniter\CodeIgniter->handleRequest(null, Object(Config\Cache), false)
 6 FCPATH\index.php(67): CodeIgniter\CodeIgniter->run()
 7 SYSTEMPATH\Commands\Server\rewrite.php(47): require_once('D:\\codeigniter\\sistem-informasi\\sistem-informasi-buku\\public\\index.php')
INFO - 2023-08-03 14:49:58 --> Session: Class initialized using 'CodeIgniter\Session\Handlers\FileHandler' driver.
INFO - 2023-08-03 14:50:06 --> Session: Class initialized using 'CodeIgniter\Session\Handlers\FileHandler' driver.
INFO - 2023-08-03 14:50:20 --> Session: Class initialized using 'CodeIgniter\Session\Handlers\FileHandler' driver.
INFO - 2023-08-03 14:51:15 --> Session: Class initialized using 'CodeIgniter\Session\Handlers\FileHandler' driver.
INFO - 2023-08-03 14:51:17 --> Session: Class initialized using 'CodeIgniter\Session\Handlers\FileHandler' driver.
INFO - 2023-08-03 14:51:18 --> Session: Class initialized using 'CodeIgniter\Session\Handlers\FileHandler' driver.
CRITICAL - 2023-08-03 14:51:21 --> session_destroy(): Trying to destroy uninitialized session
in APPPATH\Controllers\Login.php on line 80.
 1 [internal function]: CodeIgniter\Debug\Exceptions->errorHandler(2, 'session_destroy(): Trying to destroy uninitialized session', 'D:\\codeigniter\\sistem-informasi\\sistem-informasi-buku\\app\\Controllers\\Login.php', 80)
 2 APPPATH\Controllers\Login.php(80): session_destroy()
 3 SYSTEMPATH\CodeIgniter.php(932): App\Controllers\Login->logout()
 4 SYSTEMPATH\CodeIgniter.php(497): CodeIgniter\CodeIgniter->runController(Object(App\Controllers\Login))
 5 SYSTEMPATH\CodeIgniter.php(366): CodeIgniter\CodeIgniter->handleRequest(null, Object(Config\Cache), false)
 6 FCPATH\index.php(67): CodeIgniter\CodeIgniter->run()
 7 SYSTEMPATH\Commands\Server\rewrite.php(47): require_once('D:\\codeigniter\\sistem-informasi\\sistem-informasi-buku\\public\\index.php')
INFO - 2023-08-03 14:51:41 --> Session: Class initialized using 'CodeIgniter\Session\Handlers\FileHandler' driver.
INFO - 2023-08-03 14:51:50 --> Session: Class initialized using 'CodeIgniter\Session\Handlers\FileHandler' driver.
INFO - 2023-08-03 14:52:00 --> Session: Class initialized using 'CodeIgniter\Session\Handlers\FileHandler' driver.
INFO - 2023-08-03 14:52:04 --> Session: Class initialized using 'CodeIgniter\Session\Handlers\FileHandler' driver.
INFO - 2023-08-03 14:53:19 --> Session: Class initialized using 'CodeIgniter\Session\Handlers\FileHandler' driver.
CRITICAL - 2023-08-03 14:53:22 --> session_destroy(): Trying to destroy uninitialized session
in APPPATH\Controllers\Login.php on line 78.
 1 [internal function]: CodeIgniter\Debug\Exceptions->errorHandler(2, 'session_destroy(): Trying to destroy uninitialized session', 'D:\\codeigniter\\sistem-informasi\\sistem-informasi-buku\\app\\Controllers\\Login.php', 78)
 2 APPPATH\Controllers\Login.php(78): session_destroy()
 3 SYSTEMPATH\CodeIgniter.php(932): App\Controllers\Login->logout()
 4 SYSTEMPATH\CodeIgniter.php(497): CodeIgniter\CodeIgniter->runController(Object(App\Controllers\Login))
 5 SYSTEMPATH\CodeIgniter.php(366): CodeIgniter\CodeIgniter->handleRequest(null, Object(Config\Cache), false)
 6 FCPATH\index.php(67): CodeIgniter\CodeIgniter->run()
 7 SYSTEMPATH\Commands\Server\rewrite.php(47): require_once('D:\\codeigniter\\sistem-informasi\\sistem-informasi-buku\\public\\index.php')
CRITICAL - 2023-08-03 14:56:14 --> ini_set(): Session ini settings cannot be changed when a session is active
in SYSTEMPATH\Session\Handlers\FileHandler.php on line 72.
 1 [internal function]: CodeIgniter\Debug\Exceptions->errorHandler(2, 'ini_set(): Session ini settings cannot be changed when a session is active', 'D:\\codeigniter\\sistem-informasi\\sistem-informasi-buku\\system\\Session\\Handlers\\FileHandler.php', 72)
 2 SYSTEMPATH\Session\Handlers\FileHandler.php(72): ini_set('session.save_path', 'D:\\codeigniter\\sistem-informasi\\sistem-informasi-buku\\writable\\session')
 3 SYSTEMPATH\Config\Services.php(667): CodeIgniter\Session\Handlers\FileHandler->__construct(Object(Config\App), '::1')
 4 SYSTEMPATH\Config\BaseService.php(252): CodeIgniter\Config\Services::session(Object(Config\App), false)
 5 SYSTEMPATH\Config\BaseService.php(193): CodeIgniter\Config\BaseService::__callStatic('session', [...])
 6 SYSTEMPATH\Config\Services.php(641): CodeIgniter\Config\BaseService::getSharedInstance('session', null)
 7 SYSTEMPATH\Config\BaseService.php(252): CodeIgniter\Config\Services::session()
 8 SYSTEMPATH\Common.php(984): CodeIgniter\Config\BaseService::__callStatic('session', [])
 9 APPPATH\Views\templates\layout.php(13): session()
10 SYSTEMPATH\View\View.php(224): include('D:\\codeigniter\\sistem-informasi\\sistem-informasi-buku\\app\\Views\\templates\\layout.php')
11 SYSTEMPATH\View\View.php(227): CodeIgniter\View\View->CodeIgniter\View\{closure}()
12 SYSTEMPATH\View\View.php(240): CodeIgniter\View\View->render('templates/layout', [], true)
13 SYSTEMPATH\Common.php(1180): CodeIgniter\View\View->render('login', [], true)
14 APPPATH\Controllers\Login.php(15): view('login')
15 SYSTEMPATH\CodeIgniter.php(932): App\Controllers\Login->index()
16 SYSTEMPATH\CodeIgniter.php(497): CodeIgniter\CodeIgniter->runController(Object(App\Controllers\Login))
17 SYSTEMPATH\CodeIgniter.php(366): CodeIgniter\CodeIgniter->handleRequest(null, Object(Config\Cache), false)
18 FCPATH\index.php(67): CodeIgniter\CodeIgniter->run()
19 SYSTEMPATH\Commands\Server\rewrite.php(47): require_once('D:\\codeigniter\\sistem-informasi\\sistem-informasi-buku\\public\\index.php')
INFO - 2023-08-03 14:56:22 --> Session: Class initialized using 'CodeIgniter\Session\Handlers\FileHandler' driver.
CRITICAL - 2023-08-03 14:56:25 --> ini_set(): Session ini settings cannot be changed when a session is active
in SYSTEMPATH\Session\Handlers\FileHandler.php on line 72.
 1 [internal function]: CodeIgniter\Debug\Exceptions->errorHandler(2, 'ini_set(): Session ini settings cannot be changed when a session is active', 'D:\\codeigniter\\sistem-informasi\\sistem-informasi-buku\\system\\Session\\Handlers\\FileHandler.php', 72)
 2 SYSTEMPATH\Session\Handlers\FileHandler.php(72): ini_set('session.save_path', 'D:\\codeigniter\\sistem-informasi\\sistem-informasi-buku\\writable\\session')
 3 SYSTEMPATH\Config\Services.php(667): CodeIgniter\Session\Handlers\FileHandler->__construct(Object(Config\App), '::1')
 4 SYSTEMPATH\Config\BaseService.php(252): CodeIgniter\Config\Services::session(Object(Config\App), false)
 5 SYSTEMPATH\Config\BaseService.php(193): CodeIgniter\Config\BaseService::__callStatic('session', [...])
 6 SYSTEMPATH\Config\Services.php(641): CodeIgniter\Config\BaseService::getSharedInstance('session', null)
 7 SYSTEMPATH\Config\BaseService.php(252): CodeIgniter\Config\Services::session()
 8 SYSTEMPATH\Common.php(984): CodeIgniter\Config\BaseService::__callStatic('session', [])
 9 APPPATH\Views\templates\layout.php(13): session()
10 SYSTEMPATH\View\View.php(224): include('D:\\codeigniter\\sistem-informasi\\sistem-informasi-buku\\app\\Views\\templates\\layout.php')
11 SYSTEMPATH\View\View.php(227): CodeIgniter\View\View->CodeIgniter\View\{closure}()
12 SYSTEMPATH\View\View.php(240): CodeIgniter\View\View->render('templates/layout', [], true)
13 SYSTEMPATH\Common.php(1180): CodeIgniter\View\View->render('login', [], true)
14 APPPATH\Controllers\Login.php(15): view('login')
15 SYSTEMPATH\CodeIgniter.php(932): App\Controllers\Login->index()
16 SYSTEMPATH\CodeIgniter.php(497): CodeIgniter\CodeIgniter->runController(Object(App\Controllers\Login))
17 SYSTEMPATH\CodeIgniter.php(366): CodeIgniter\CodeIgniter->handleRequest(null, Object(Config\Cache), false)
18 FCPATH\index.php(67): CodeIgniter\CodeIgniter->run()
19 SYSTEMPATH\Commands\Server\rewrite.php(47): require_once('D:\\codeigniter\\sistem-informasi\\sistem-informasi-buku\\public\\index.php')
INFO - 2023-08-03 14:57:24 --> Session: Class initialized using 'CodeIgniter\Session\Handlers\FileHandler' driver.
INFO - 2023-08-03 14:57:26 --> Session: Class initialized using 'CodeIgniter\Session\Handlers\FileHandler' driver.
INFO - 2023-08-03 14:57:45 --> Session: Class initialized using 'CodeIgniter\Session\Handlers\FileHandler' driver.
INFO - 2023-08-03 14:57:46 --> Session: Class initialized using 'CodeIgniter\Session\Handlers\FileHandler' driver.
CRITICAL - 2023-08-03 14:57:51 --> session_destroy(): Trying to destroy uninitialized session
in APPPATH\Controllers\Login.php on line 80.
 1 [internal function]: CodeIgniter\Debug\Exceptions->errorHandler(2, 'session_destroy(): Trying to destroy uninitialized session', 'D:\\codeigniter\\sistem-informasi\\sistem-informasi-buku\\app\\Controllers\\Login.php', 80)
 2 APPPATH\Controllers\Login.php(80): session_destroy()
 3 SYSTEMPATH\CodeIgniter.php(932): App\Controllers\Login->logout()
 4 SYSTEMPATH\CodeIgniter.php(497): CodeIgniter\CodeIgniter->runController(Object(App\Controllers\Login))
 5 SYSTEMPATH\CodeIgniter.php(366): CodeIgniter\CodeIgniter->handleRequest(null, Object(Config\Cache), false)
 6 FCPATH\index.php(67): CodeIgniter\CodeIgniter->run()
 7 SYSTEMPATH\Commands\Server\rewrite.php(47): require_once('D:\\codeigniter\\sistem-informasi\\sistem-informasi-buku\\public\\index.php')
INFO - 2023-08-03 14:57:59 --> Session: Class initialized using 'CodeIgniter\Session\Handlers\FileHandler' driver.
INFO - 2023-08-03 14:58:00 --> Session: Class initialized using 'CodeIgniter\Session\Handlers\FileHandler' driver.
CRITICAL - 2023-08-03 15:00:41 --> session_destroy(): Trying to destroy uninitialized session
in APPPATH\Controllers\Login.php on line 80.
 1 [internal function]: CodeIgniter\Debug\Exceptions->errorHandler(2, 'session_destroy(): Trying to destroy uninitialized session', 'D:\\codeigniter\\sistem-informasi\\sistem-informasi-buku\\app\\Controllers\\Login.php', 80)
 2 APPPATH\Controllers\Login.php(80): session_destroy()
 3 SYSTEMPATH\CodeIgniter.php(932): App\Controllers\Login->logout()
 4 SYSTEMPATH\CodeIgniter.php(497): CodeIgniter\CodeIgniter->runController(Object(App\Controllers\Login))
 5 SYSTEMPATH\CodeIgniter.php(366): CodeIgniter\CodeIgniter->handleRequest(null, Object(Config\Cache), false)
 6 FCPATH\index.php(67): CodeIgniter\CodeIgniter->run()
 7 SYSTEMPATH\Commands\Server\rewrite.php(47): require_once('D:\\codeigniter\\sistem-informasi\\sistem-informasi-buku\\public\\index.php')
INFO - 2023-08-03 15:01:56 --> Session: Class initialized using 'CodeIgniter\Session\Handlers\FileHandler' driver.
INFO - 2023-08-03 15:02:12 --> Session: Class initialized using 'CodeIgniter\Session\Handlers\FileHandler' driver.
INFO - 2023-08-03 15:02:15 --> Session: Class initialized using 'CodeIgniter\Session\Handlers\FileHandler' driver.
INFO - 2023-08-03 15:02:17 --> Session: Class initialized using 'CodeIgniter\Session\Handlers\FileHandler' driver.
CRITICAL - 2023-08-03 15:02:18 --> session_destroy(): Trying to destroy uninitialized session
in APPPATH\Controllers\Login.php on line 80.
 1 [internal function]: CodeIgniter\Debug\Exceptions->errorHandler(2, 'session_destroy(): Trying to destroy uninitialized session', 'D:\\codeigniter\\sistem-informasi\\sistem-informasi-buku\\app\\Controllers\\Login.php', 80)
 2 APPPATH\Controllers\Login.php(80): session_destroy()
 3 SYSTEMPATH\CodeIgniter.php(932): App\Controllers\Login->logout()
 4 SYSTEMPATH\CodeIgniter.php(497): CodeIgniter\CodeIgniter->runController(Object(App\Controllers\Login))
 5 SYSTEMPATH\CodeIgniter.php(366): CodeIgniter\CodeIgniter->handleRequest(null, Object(Config\Cache), false)
 6 FCPATH\index.php(67): CodeIgniter\CodeIgniter->run()
 7 SYSTEMPATH\Commands\Server\rewrite.php(47): require_once('D:\\codeigniter\\sistem-informasi\\sistem-informasi-buku\\public\\index.php')
INFO - 2023-08-03 15:03:54 --> Session: Class initialized using 'CodeIgniter\Session\Handlers\FileHandler' driver.
INFO - 2023-08-03 15:05:56 --> Session: Class initialized using 'CodeIgniter\Session\Handlers\FileHandler' driver.
INFO - 2023-08-03 15:05:59 --> Session: Class initialized using 'CodeIgniter\Session\Handlers\FileHandler' driver.
INFO - 2023-08-03 15:06:12 --> Session: Class initialized using 'CodeIgniter\Session\Handlers\FileHandler' driver.
INFO - 2023-08-03 15:06:12 --> Session: Class initialized using 'CodeIgniter\Session\Handlers\FileHandler' driver.
INFO - 2023-08-03 15:06:20 --> Session: Class initialized using 'CodeIgniter\Session\Handlers\FileHandler' driver.
INFO - 2023-08-03 15:06:30 --> Session: Class initialized using 'CodeIgniter\Session\Handlers\FileHandler' driver.
INFO - 2023-08-03 15:06:31 --> Session: Class initialized using 'CodeIgniter\Session\Handlers\FileHandler' driver.
INFO - 2023-08-03 15:07:29 --> Session: Class initialized using 'CodeIgniter\Session\Handlers\FileHandler' driver.
INFO - 2023-08-03 15:07:31 --> Session: Class initialized using 'CodeIgniter\Session\Handlers\FileHandler' driver.
INFO - 2023-08-03 15:07:43 --> Session: Class initialized using 'CodeIgniter\Session\Handlers\FileHandler' driver.
INFO - 2023-08-03 15:07:43 --> Session: Class initialized using 'CodeIgniter\Session\Handlers\FileHandler' driver.
CRITICAL - 2023-08-03 15:08:25 --> session_destroy(): Trying to destroy uninitialized session
in APPPATH\Controllers\Login.php on line 80.
 1 [internal function]: CodeIgniter\Debug\Exceptions->errorHandler(2, 'session_destroy(): Trying to destroy uninitialized session', 'D:\\codeigniter\\sistem-informasi\\sistem-informasi-buku\\app\\Controllers\\Login.php', 80)
 2 APPPATH\Controllers\Login.php(80): session_destroy()
 3 SYSTEMPATH\CodeIgniter.php(932): App\Controllers\Login->logout()
 4 SYSTEMPATH\CodeIgniter.php(497): CodeIgniter\CodeIgniter->runController(Object(App\Controllers\Login))
 5 SYSTEMPATH\CodeIgniter.php(366): CodeIgniter\CodeIgniter->handleRequest(null, Object(Config\Cache), false)
 6 FCPATH\index.php(67): CodeIgniter\CodeIgniter->run()
 7 SYSTEMPATH\Commands\Server\rewrite.php(47): require_once('D:\\codeigniter\\sistem-informasi\\sistem-informasi-buku\\public\\index.php')
INFO - 2023-08-03 15:12:10 --> Session: Class initialized using 'CodeIgniter\Session\Handlers\FileHandler' driver.
CRITICAL - 2023-08-03 15:12:12 --> session_destroy(): Trying to destroy uninitialized session
in APPPATH\Controllers\Login.php on line 84.
 1 [internal function]: CodeIgniter\Debug\Exceptions->errorHandler(2, 'session_destroy(): Trying to destroy uninitialized session', 'D:\\codeigniter\\sistem-informasi\\sistem-informasi-buku\\app\\Controllers\\Login.php', 84)
 2 APPPATH\Controllers\Login.php(84): session_destroy()
 3 SYSTEMPATH\CodeIgniter.php(932): App\Controllers\Login->logout()
 4 SYSTEMPATH\CodeIgniter.php(497): CodeIgniter\CodeIgniter->runController(Object(App\Controllers\Login))
 5 SYSTEMPATH\CodeIgniter.php(366): CodeIgniter\CodeIgniter->handleRequest(null, Object(Config\Cache), false)
 6 FCPATH\index.php(67): CodeIgniter\CodeIgniter->run()
 7 SYSTEMPATH\Commands\Server\rewrite.php(47): require_once('D:\\codeigniter\\sistem-informasi\\sistem-informasi-buku\\public\\index.php')
INFO - 2023-08-03 15:14:10 --> Session: Class initialized using 'CodeIgniter\Session\Handlers\FileHandler' driver.
INFO - 2023-08-03 15:14:10 --> Session: Class initialized using 'CodeIgniter\Session\Handlers\FileHandler' driver.
INFO - 2023-08-03 15:14:13 --> Session: Class initialized using 'CodeIgniter\Session\Handlers\FileHandler' driver.
INFO - 2023-08-03 15:14:15 --> Session: Class initialized using 'CodeIgniter\Session\Handlers\FileHandler' driver.
INFO - 2023-08-03 15:14:16 --> Session: Class initialized using 'CodeIgniter\Session\Handlers\FileHandler' driver.
INFO - 2023-08-03 15:14:54 --> Session: Class initialized using 'CodeIgniter\Session\Handlers\FileHandler' driver.
INFO - 2023-08-03 15:15:19 --> Session: Class initialized using 'CodeIgniter\Session\Handlers\FileHandler' driver.
INFO - 2023-08-03 15:15:19 --> Session: Class initialized using 'CodeIgniter\Session\Handlers\FileHandler' driver.
INFO - 2023-08-03 15:15:26 --> Session: Class initialized using 'CodeIgniter\Session\Handlers\FileHandler' driver.
INFO - 2023-08-03 15:15:28 --> Session: Class initialized using 'CodeIgniter\Session\Handlers\FileHandler' driver.
INFO - 2023-08-03 15:15:31 --> Session: Class initialized using 'CodeIgniter\Session\Handlers\FileHandler' driver.
INFO - 2023-08-03 15:15:34 --> Session: Class initialized using 'CodeIgniter\Session\Handlers\FileHandler' driver.
INFO - 2023-08-03 15:15:44 --> Session: Class initialized using 'CodeIgniter\Session\Handlers\FileHandler' driver.
INFO - 2023-08-03 15:15:47 --> Session: Class initialized using 'CodeIgniter\Session\Handlers\FileHandler' driver.
